346.000000 366.745270 192.014694
348.000000 118.267410 187.903061
348.000000 218.841156 188.113602
349.000000 108.218544 188.229385
349.000000 242.190826 188.504150
350.000000 102.419922 188.657074
350.000000 259.336731 188.910477
351.000000 99.204384 189.082870
351.000000 275.425323 189.420746
352.000000 97.272270 189.465805
352.000000 290.115265 190.004913
353.000000 95.889099 189.867798
353.000000 305.953094 190.814026
354.000000 95.081322 190.218887
354.000000 323.720703 191.979599
354.000000 365.273041 195.719131
355.000000 94.554749 190.526184
356.000000 94.118553 190.841171
357.000000 93.771431 191.216492
358.000000 93.501717 191.646118
359.000000 93.285484 192.173767
360.000000 93.192314 192.909088
361.000000 93.351204 193.894363
362.000000 93.936859 195.107529
363.000000 95.014008 196.402390
364.000000 96.366646 197.527069
365.000000 97.884010 198.065063
366.000000 99.321518 199.148865
367.000000 100.794159 199.689850
368.000000 102.145554 200.089417
369.000000 103.431580 200.386093
370.000000 104.828735 200.632233
371.000000 106.123383 200.813705
372.000000 107.364265 200.952835
373.000000 108.694839 201.057037
374.000000 110.052246 201.128891
375.000000 111.272575 201.199600
376.000000 112.563591 201.247437
377.000000 113.975708 201.268143
378.000000 115.234772 201.314178
379.000000 116.563171 201.343369
380.000000 118.003906 201.346756
381.000000 119.319504 201.387817
382.000000 120.733292 201.404572
383.000000 122.173187 201.424438
384.000000 123.587448 201.453079
385.000000 125.096550 201.463593
386.000000 126.542389 201.498993
387.000000 128.092209 201.510056
388.000000 129.583527 201.546814
389.000000 131.159271 201.564209
390.000000 132.704895 201.593506
391.000000 134.296432 201.618332
392.000000 135.910904 201.630829
393.000000 137.512848 201.665695
394.000000 139.173355 201.681366
395.000000 140.812958 201.703201
396.000000 142.476685 201.729950
397.000000 144.176666 201.742630
398.000000 145.865936 201.758179
399.000000 147.563293 201.782394
400.000000 149.293076 201.793884
401.000000 151.037201 201.795792
402.000000 152.763748 201.814896
403.000000 154.515381 201.828476
404.000000 156.287399 201.833298
405.000000 158.068756 201.831177
406.000000 159.839691 201.839478
407.000000 161.619217 201.847473
408.000000 163.425186 201.847641
409.000000 165.232330 201.841965
410.000000 167.046005 201.829361
411.000000 168.850967 201.826538
412.000000 170.669540 201.822083
413.000000 172.501953 201.811966
414.000000 174.339523 201.796570
415.000000 176.186676 201.775650
416.000000 178.034088 201.749710
417.000000 179.881958 201.731644
418.000000 181.722488 201.712616
419.000000 183.578888 201.684799
420.000000 185.456238 201.653046
421.000000 187.326141 201.617111
422.000000 189.210770 201.574326
423.000000 191.099228 201.526703
424.000000 192.992966 201.475037
425.000000 194.876083 201.429062
426.000000 196.767868 201.376434
427.000000 198.671234 201.316559
428.000000 200.582001 201.249985
429.000000 202.506912 201.175537
430.000000 204.438614 201.094482
431.000000 206.352249 201.005341
432.000000 208.282974 200.940628
433.000000 210.158249 200.872070
434.000000 212.039078 200.794312
435.000000 213.919037 200.714325
436.000000 215.812134 200.627609
437.000000 217.719147 200.530212
438.000000 219.638855 200.421539
439.000000 221.568970 200.299088
440.000000 223.517929 200.161926
441.000000 225.467926 200.026428
442.000000 227.359268 199.906387
443.000000 229.214493 199.788834
444.000000 231.092789 199.654175
445.000000 232.990982 199.501053
446.000000 234.910858 199.335693
447.000000 236.866043 199.145874
448.000000 238.781433 198.940109
449.000000 240.602936 198.827881
450.000000 242.439423 198.663193
451.000000 244.322495 198.466476
452.000000 246.255325 198.236145
453.000000 248.209473 197.952530
454.000000 249.990173 197.806519
455.000000 251.784500 197.608871
456.000000 253.661255 197.359451
457.000000 255.610245 197.096893
458.000000 257.399353 196.845551
459.000000 259.170807 196.600555
460.000000 261.045807 196.289719
461.000000 262.933228 195.947769
462.000000 264.616516 195.732040
463.000000 266.397705 195.418671
464.000000 268.313599 195.052277
465.000000 269.986481 194.737534
466.000000 271.715057 194.401505
467.000000 273.561523 193.924103
468.000000 275.201111 193.666855
469.000000 276.969543 193.226868
470.000000 278.643158 192.819870
471.000000 280.280914 192.447098
472.000000 282.050476 191.933029
473.000000 283.574615 191.564407
474.000000 285.315643 190.955276
475.000000 286.792603 190.594406
476.000000 288.475037 189.950821
477.000000 289.911285 189.540619
478.000000 291.482025 188.866928
479.000000 292.919525 188.406921
480.000000 294.366516 187.807709
481.000000 295.812317 187.144073
482.000000 297.118652 186.579025
483.000000 298.458069 185.785629
484.000000 299.763641 185.204666
485.000000 300.946655 184.464584
486.000000 302.105316 183.753250
487.000000 303.242828 182.828003
488.000000 304.321747 182.105316
489.000000 305.257019 181.460449
490.000000 306.150665 180.636154
491.000000 306.987976 179.628311
492.000000 307.738495 178.558167
493.000000 308.410950 177.679413
494.000000 308.986816 176.839249
495.000000 309.480103 175.781784
496.000000 309.856750 174.723160
497.000000 310.132477 173.932495
498.000000 310.297882 172.969849
499.000000 310.354797 172.027695
500.000000 310.323364 171.142670
501.000000 310.186951 170.286789
502.000000 309.943726 169.316971
503.000000 309.617432 168.654510
504.000000 309.099152 167.920776
505.000000 308.576752 167.130157
506.000000 307.940155 166.526016
507.000000 307.152740 165.995453
508.000000 306.556641 165.638977
509.000000 305.703430 165.192017
510.000000 304.806366 165.033234
511.000000 303.909363 164.923508
512.000000 302.972168 164.904892
513.000000 302.009369 164.997467
514.000000 301.000488 165.197311
515.000000 299.965759 165.512924
516.000000 298.858124 165.975677
517.000000 297.803223 166.494232
518.000000 296.713348 167.168961
519.000000 295.566376 167.847626
520.000000 294.554993 168.538132
521.000000 293.486908 169.346970
522.000000 292.320496 170.161163
523.000000 291.191101 170.878769
524.000000 290.106415 171.631607
525.000000 288.941833 172.362610
526.000000 287.742004 173.168808
527.000000 286.435730 173.961349
528.000000 285.227844 174.642883
529.000000 283.899750 175.390808
530.000000 282.541138 176.232895
531.000000 281.028137 177.032761
532.000000 279.693726 177.622116
533.000000 278.244843 178.442078
534.000000 276.725403 179.203064
535.000000 275.107025 180.074173
536.000000 273.634155 180.687943
537.000000 272.086212 181.511475
538.000000 270.510529 182.281296
539.000000 268.813843 183.115997
540.000000 267.062439 183.985336
541.000000 265.542145 184.646622
542.000000 263.861420 185.424408
543.000000 262.127380 186.265854
544.000000 260.356537 187.131256
545.000000 258.608612 187.876541
546.000000 256.974854 188.627792
547.000000 255.320587 189.397903
548.000000 253.591644 190.225647
549.000000 251.837952 191.094528
550.000000 250.121429 191.958649
551.000000 248.658493 192.630600
552.000000 247.107117 193.492264
553.000000 245.575714 194.319809
554.000000 243.995163 195.225632
555.000000 242.475159 196.197525
556.000000 240.964447 197.085678
557.000000 239.487137 198.074066
558.000000 238.046951 199.025055
559.000000 236.632187 200.003021
560.000000 235.256363 200.984650
561.000000 233.894562 201.999451
562.000000 232.562866 203.017899
563.000000 231.255524 204.050095
564.000000 229.969681 205.060669
565.000000 228.697281 206.161194
566.000000 227.443466 207.216446
567.000000 226.200073 208.268738
568.000000 224.960449 209.303131
569.000000 223.698883 210.412262
570.000000 222.436569 211.612915
571.000000 221.165985 212.919891
572.000000 220.006836 214.063568
573.000000 218.876617 215.156189
574.000000 217.716339 216.295563
575.000000 216.549240 217.528305
576.000000 215.362473 218.897369
577.000000 214.273026 220.159653
578.000000 213.196671 221.367462
579.000000 212.080933 222.623627
580.000000 210.901535 224.023499
581.000000 209.856110 225.159760
582.000000 208.762329 226.430222
583.000000 207.572617 227.967194
584.000000 206.505478 229.339722
585.000000 205.366074 230.634659
586.000000 204.280380 232.013916
587.000000 203.287140 233.328049
588.000000 202.254288 234.682770
589.000000 201.254272 236.033569
590.000000 200.356232 237.386093
591.000000 199.427551 238.667740
592.000000 198.569901 240.052200
593.000000 197.773590 241.288269
594.000000 197.030014 242.632797
595.000000 196.270447 244.057816
596.000000 195.581161 245.343597
597.000000 194.976257 246.557510
598.000000 194.355484 248.017639
599.000000 193.806000 249.295410
600.000000 193.303101 250.590286
601.000000 192.858627 251.813812
602.000000 192.433685 253.191925
603.000000 192.089584 254.664368
604.000000 191.772934 255.668350
605.000000 191.517410 256.966492
606.000000 191.299698 258.196228
607.000000 191.143646 259.439941
608.000000 191.048462 260.374420
609.000000 191.014282 261.717590
610.000000 191.035461 262.794922
611.000000 191.093903 264.104797
612.000000 191.198059 265.113068
613.000000 191.363632 266.136719
614.000000 191.608597 267.156677
615.000000 191.947784 268.039276
616.000000 192.287476 269.076355
617.000000 192.752472 269.170258
618.000000 193.192963 270.849762
619.000000 193.710144 271.376526
620.000000 194.320770 272.169952
621.000000 195.114685 272.943695
622.000000 195.798355 273.214447
623.000000 196.602417 273.942932
624.000000 197.325317 274.249390
625.000000 198.248337 274.524231
626.000000 199.185242 274.670898
627.000000 200.120712 274.694672
628.000000 201.040176 274.599792
629.000000 201.830582 274.418518
630.000000 202.511414 274.199890
631.000000 203.158371 273.871796
632.000000 203.663773 273.564850
633.000000 204.131607 273.243774
634.000000 204.511200 272.892853
635.000000 204.878387 272.550385
636.000000 205.289719 272.083435
637.000000 205.708099 271.511200
638.000000 206.210297 270.749298
639.000000 206.764832 269.694672
640.000000 207.476074 267.944092
641.000000 208.332199 264.521973
642.000000 208.701675 262.212952
643.000000 208.943878 260.484253
644.000000 209.209549 258.954651
645.000000 209.483200 257.559296
646.000000 209.806000 255.935471
647.000000 210.163681 254.554840
648.000000 210.584824 252.951141
649.000000 211.028687 251.557587
650.000000 211.566437 249.843506
651.000000 212.126205 248.352966
652.000000 212.753189 246.562927
653.000000 213.446030 244.912521
654.000000 214.151352 243.361694
655.000000 214.912338 241.549332
656.000000 215.742722 239.768539
657.000000 216.621246 238.042267
658.000000 217.509613 236.310593
659.000000 218.432770 234.543686
660.000000 219.387909 232.749115
661.000000 220.359009 230.950745
662.000000 221.322891 229.282806
663.000000 222.328369 227.464294
664.000000 223.376648 225.559311
665.000000 224.450531 223.694138
666.000000 225.536606 221.814285
667.000000 226.697586 219.945740
668.000000 227.897263 218.037506
669.000000 229.035828 216.316879
670.000000 230.235199 214.530029
671.000000 231.492584 212.556900
672.000000 232.643311 210.779327
673.000000 233.858795 208.963089
674.000000 234.976913 207.281570
675.000000 236.086578 205.623047
676.000000 237.266373 203.721878
677.000000 238.349930 201.987564
678.000000 239.370178 200.383499
679.000000 240.427368 198.563232
680.000000 241.439346 196.819382
681.000000 242.412094 195.134140
682.000000 243.362457 193.410019
683.000000 244.315964 191.615265
684.000000 245.242661 189.832565
685.000000 246.136627 188.077316
686.000000 246.989334 186.352997
687.000000 247.860565 184.495132
688.000000 248.705414 182.685226
689.000000 249.523132 180.936050
690.000000 250.262817 179.279343
691.000000 250.953796 177.459229
692.000000 251.628387 175.723541
693.000000 252.213394 173.988068
694.000000 252.727753 172.372635
695.000000 253.183853 170.698822
696.000000 253.579590 169.087921
697.000000 253.909714 167.390366
698.000000 254.189316 165.810150
699.000000 254.419205 164.255539
700.000000 254.603104 162.645889
701.000000 254.729355 161.000778
702.000000 254.827805 159.397888
703.000000 254.883423 157.740799
704.000000 254.908997 156.106262
705.000000 254.925308 154.484772
706.000000 254.915283 152.804779
707.000000 254.900146 151.194168
708.000000 254.883621 149.534195
709.000000 254.854095 147.848083
710.000000 254.833450 146.157486
711.000000 254.827835 144.421234
712.000000 254.831497 142.642578
713.000000 254.853226 140.819733
714.000000 254.903381 138.926285
715.000000 254.988144 137.005692
716.000000 255.151474 135.197845
717.000000 255.357895 133.321228
718.000000 255.605408 131.362625
719.000000 255.891144 129.274704
720.000000 256.254364 127.285728
721.000000 256.682465 125.258812
722.000000 257.160492 123.216049
723.000000 257.720978 121.078629
724.000000 258.338776 118.958374
725.000000 259.009399 116.852013
726.000000 259.759033 114.681610
727.000000 260.577301 112.611900
728.000000 261.436707 110.504295
729.000000 262.347931 108.412407
730.000000 263.296356 106.420067
731.000000 264.306793 104.366020
732.000000 265.360779 102.294044
733.000000 266.456970 100.219398
734.000000 267.589294 98.168671
735.000000 268.739349 96.181915
736.000000 269.880096 94.192719
737.000000 271.034576 92.467613
738.000000 272.245911 90.631927
739.000000 273.502289 88.582878
740.000000 274.650360 86.787186
741.000000 275.859192 85.025978
742.000000 276.995697 83.404976
743.000000 278.183777 81.760384
744.000000 279.359344 79.902870
745.000000 280.485901 78.358055
746.000000 281.562378 76.635506
747.000000 282.627563 75.161919
748.000000 283.626099 73.540344
749.000000 284.592499 72.160461
750.000000 285.500183 70.640640
751.000000 286.330231 69.417343
752.000000 287.104034 67.892418
753.000000 287.795837 66.391693
754.000000 288.428070 65.285858
755.000000 288.932922 63.923737
756.000000 289.412811 62.742214
757.000000 289.759033 61.488052
758.000000 289.989410 60.021999
759.000000 290.129333 59.437752
760.000000 290.154175 58.237167
761.000000 290.068176 57.816990
762.000000 289.902313 56.082161
763.000000 289.661591 55.192646
764.000000 289.305908 54.654396
765.000000 288.854767 53.349529
766.000000 288.306030 52.620377
767.000000 287.637726 51.397305
768.000000 286.889099 51.071144
769.000000 286.281525 50.534882
770.000000 285.459045 49.665886
771.000000 284.582184 49.140213
772.000000 283.790680 48.500290
773.000000 282.722473 48.119278
774.000000 281.857788 47.593937
775.000000 280.825012 47.311867
776.000000 279.780151 47.124748
777.000000 278.747406 47.001171
778.000000 277.783600 46.937176
779.000000 276.790924 46.950996
780.000000 275.848938 47.103298
781.000000 274.949463 47.327187
782.000000 274.198425 47.606022
783.000000 273.531372 47.934917
784.000000 272.906494 48.306633
785.000000 272.379486 48.693821
786.000000 271.857574 49.148033
787.000000 271.323975 49.705662
788.000000 270.778351 50.346035
789.000000 270.152588 51.247711
790.000000 269.431091 52.532364
791.000000 268.633362 54.345005
792.000000 267.973145 56.275593
793.000000 267.476532 58.065643
794.000000 267.106293 59.539215
795.000000 266.703400 61.012550
796.000000 266.343536 62.307655
797.000000 265.956543 63.652847
798.000000 265.538452 65.151917
799.000000 265.128143 66.611023
800.000000 264.667053 68.055511
801.000000 264.215607 69.476509
802.000000 263.730530 71.039154
803.000000 263.246948 72.516716
804.000000 262.738892 74.114456
805.000000 262.230164 75.680588
806.000000 261.711548 77.287804
807.000000 261.189270 78.968643
808.000000 260.673828 80.567162
809.000000 260.166290 82.376770
810.000000 259.638794 84.000320
811.000000 259.137360 85.729286
812.000000 258.643585 87.429138
813.000000 258.174225 89.290741
814.000000 257.703644 91.002640
815.000000 257.261627 92.758812
816.000000 256.851715 94.486252
817.000000 256.449829 96.320999
818.000000 256.097046 98.303223
819.000000 255.760925 99.969154
820.000000 255.459808 101.686104
821.000000 255.202728 103.505806
822.000000 254.998367 105.279564
823.000000 254.811996 107.081009
824.000000 254.668716 108.761353
825.000000 254.566940 110.471725
826.000000 254.511688 112.219063
827.000000 254.501480 113.999367
828.000000 254.518539 115.704086
829.000000 254.579590 117.467506
830.000000 254.683075 119.282677
831.000000 254.829300 121.146751
832.000000 255.012543 123.086937
833.000000 255.153870 124.730965
834.000000 255.333725 126.489265
835.000000 255.557861 128.376129
836.000000 255.820709 130.391220
837.000000 256.068787 132.387268
838.000000 256.273499 134.259720
839.000000 256.502258 136.270065
840.000000 256.742554 138.430145
841.000000 256.981476 140.644119
842.000000 257.119720 142.899612
843.000000 257.225952 145.139832
844.000000 257.291016 147.474350
845.000000 257.311829 149.951462
846.000000 257.256012 152.493500
847.000000 257.137329 155.191330
848.000000 175.851624 28.997030
848.000000 168.959183 46.143093
848.000000 256.939331 157.890945
849.000000 176.122223 25.172653
849.000000 165.898514 51.533890
849.000000 256.642761 160.468613
850.000000 175.934601 22.387720
850.000000 163.287628 55.881897
850.000000 256.287384 163.205521
851.000000 175.589706 20.252871
851.000000 160.862015 59.912659
851.000000 255.868057 166.078247
852.000000 174.960114 17.962723
852.000000 158.639999 63.581795
852.000000 255.396454 168.660706
853.000000 174.423187 15.094544
853.000000 156.499481 67.147263
853.000000 254.881760 171.447372
854.000000 173.756378 13.640660
854.000000 154.434418 70.664589
854.000000 254.336914 174.107849
855.000000 172.961273 10.964536
855.000000 152.521729 74.019440
855.000000 253.752991 176.872620
856.000000 172.316711 7.821620
856.000000 150.605713 77.423370
856.000000 253.144470 179.583725
857.000000 171.643845 1.907378
857.000000 148.773224 80.851524
857.000000 252.530502 182.153854
858.000000 146.915146 84.381371
858.000000 251.877289 184.893356
859.000000 145.296234 87.601562
859.000000 251.222748 187.495926
860.000000 143.732620 90.947716
860.000000 250.555191 190.090530
861.000000 142.000290 94.652878
861.000000 249.858856 192.752029
862.000000 140.705704 97.877197
862.000000 249.164062 195.425430
863.000000 139.235260 101.469948
863.000000 248.494156 197.915878
864.000000 137.897232 105.123764
864.000000 247.804092 200.562790
865.000000 136.725143 108.663712
865.000000 247.146179 203.118515
866.000000 135.589905 112.356583
866.000000 246.521439 205.491333
867.000000 134.531433 116.122780
867.000000 245.902069 208.087799
868.000000 133.576233 119.903427
868.000000 245.356735 210.331421
869.000000 132.705872 123.708626
869.000000 244.832382 212.712814
870.000000 131.884430 127.602745
870.000000 244.359665 214.996506
871.000000 131.186081 131.178741
871.000000 243.931274 217.280838
872.000000 130.615128 134.536438
872.000000 243.550690 219.465256
873.000000 129.945770 138.112137
873.000000 243.209488 221.733124
874.000000 129.463913 141.031754
874.000000 242.903336 224.063354
875.000000 128.872345 144.087021
875.000000 242.616776 226.140289
876.000000 128.345078 146.767807
876.000000 242.347565 228.325089
877.000000 127.788361 149.294708
877.000000 242.096542 230.640839
878.000000 127.149498 151.734451
878.000000 241.850174 232.848022
879.000000 126.620155 153.759323
879.000000 241.600082 234.980728
880.000000 125.907867 155.921677
880.000000 241.351685 237.173706
881.000000 125.266136 157.644897
881.000000 241.109131 239.498734
882.000000 124.620728 159.269409
882.000000 240.858276 241.739563
883.000000 123.850533 160.908310
883.000000 240.587952 243.912872
884.000000 122.994736 162.271042
884.000000 240.308502 246.184189
885.000000 122.323624 163.267868
885.000000 240.026398 248.789825
886.000000 121.554413 164.504196
886.000000 239.704376 250.830124
887.000000 120.715111 165.480164
887.000000 239.362137 253.149033
888.000000 119.816238 166.179626
888.000000 239.003937 255.677597
889.000000 118.882507 166.873489
889.000000 238.596161 257.957336
890.000000 117.931740 167.203949
890.000000 238.150436 260.485016
891.000000 116.960022 167.423157
891.000000 237.669800 262.926941
892.000000 115.974304 167.469482
892.000000 237.119568 265.562012
893.000000 114.983467 167.356262
893.000000 236.518677 268.058807
894.000000 113.990387 167.001038
894.000000 235.814194 270.736267
895.000000 112.995682 166.668762
895.000000 234.981689 273.601715
896.000000 112.000542 166.125763
896.000000 233.985962 276.459015
897.000000 111.050964 165.508423
897.000000 232.751541 279.456421
898.000000 110.138527 164.816788
898.000000 231.312363 282.504669
899.000000 109.265511 164.187698
899.000000 229.694061 285.471832
900.000000 108.452156 163.547836
900.000000 227.919922 288.404602
901.000000 107.654358 162.345642
901.000000 225.929245 291.392731
902.000000 106.855133 161.125320
902.000000 223.717941 294.397491
903.000000 106.127708 160.626740
903.000000 221.383224 297.381317
904.000000 105.576134 159.195572
904.000000 218.827530 300.220734
905.000000 104.997841 158.770432
905.000000 216.093353 303.061310
906.000000 104.621620 157.917938
906.000000 213.130615 305.789978
907.000000 104.293694 156.060150
907.000000 210.036072 308.283264
908.000000 104.073067 156.043991
908.000000 206.153030 311.045013
909.000000 103.952370 155.351685
909.000000 202.196854 313.311493
910.000000 103.896637 154.403351
910.000000 197.177780 315.510742
911.000000 103.912117 153.508057
911.000000 190.353104 317.362823
912.000000 104.009438 152.538406
912.000000 141.856140 301.587677
913.000000 104.208420 151.438858
913.000000 131.639999 295.017639
914.000000 104.561264 150.116669
914.000000 125.159546 290.252106
915.000000 105.086449 148.650589
915.000000 120.361855 286.102020
916.000000 105.744774 147.135742
916.000000 116.351105 282.432587
917.000000 106.367035 145.820953
917.000000 113.411507 279.757935
918.000000 107.061905 144.431122
918.000000 110.793007 277.222992
919.000000 107.692108 143.192902
919.000000 108.766624 276.072357
920.000000 108.322891 141.918549
920.000000 106.844757 274.965424
921.000000 109.002518 140.577484
921.000000 105.129654 274.110504
922.000000 109.529655 139.388870
922.000000 103.668892 273.544067
923.000000 110.202179 137.957977
923.000000 102.298531 273.208496
924.000000 110.789589 136.728500
924.000000 100.992462 273.081238
925.000000 111.373764 135.238220
925.000000 99.838951 273.087219
926.000000 112.045433 133.641754
926.000000 98.734818 273.140289
927.000000 112.599220 132.328568
927.000000 97.729881 273.348816
928.000000 113.228088 130.793228
928.000000 96.761269 273.646118
929.000000 113.913902 129.184952
929.000000 95.806763 274.134491
930.000000 114.459549 127.707947
930.000000 94.943512 274.624969
931.000000 115.154495 126.016388
931.000000 94.155083 275.273834
932.000000 115.792664 124.459938
932.000000 93.413574 275.762024
933.000000 116.413940 122.832581
933.000000 92.755577 276.311676
934.000000 117.138985 121.066345
934.000000 92.079437 277.361328
935.000000 117.836021 119.491096
935.000000 91.525375 278.196228
936.000000 118.480461 117.807060
936.000000 91.005280 279.043365
937.000000 119.230751 116.043243
937.000000 90.607246 279.830994
938.000000 120.047104 114.205215
938.000000 90.280853 280.712555
939.000000 120.754944 112.684982
939.000000 90.038559 281.834320
940.000000 121.501366 110.927925
940.000000 89.884651 282.535645
941.000000 122.302559 109.151779
941.000000 89.829620 283.477234
942.000000 123.158638 107.333878
942.000000 89.877823 284.375885
943.000000 124.061768 105.539352
943.000000 90.026962 285.789581
944.000000 124.984543 103.805214
944.000000 90.261444 286.086609
945.000000 125.804573 102.156479
945.000000 90.562645 286.811096
946.000000 126.668732 100.491440
946.000000 90.924599 287.440063
947.000000 127.591507 98.808853
947.000000 91.321785 288.060181
948.000000 128.548889 97.032059
948.000000 91.765488 288.575073
949.000000 129.508667 95.353844
949.000000 92.272797 289.116760
950.000000 130.508850 93.642029
950.000000 92.961632 289.712616
951.000000 131.542633 91.929764
951.000000 93.795235 290.314819
952.000000 132.586655 90.215469
952.000000 94.985023 291.038483
953.000000 133.675812 88.529800
953.000000 96.508469 291.760132
954.000000 134.798996 86.783279
954.000000 98.221359 292.435120
955.000000 136.000458 84.971481
955.000000 99.892578 293.013153
956.000000 137.060898 83.333984
956.000000 101.249016 293.478180
957.000000 138.143372 81.752281
957.000000 102.637451 293.973969
958.000000 139.249756 80.123848
958.000000 104.071350 294.489166
959.000000 140.403336 78.529434
959.000000 105.330597 294.999664
960.000000 141.639740 76.829758
960.000000 106.791588 295.601074
961.000000 143.010193 74.957916
961.000000 108.175095 296.226105
962.000000 144.132370 73.343727
962.000000 109.517899 296.913116
963.000000 145.308228 71.774406
963.000000 111.044640 297.645264
964.000000 146.583145 70.028137
964.000000 112.448944 298.381226
965.000000 148.020447 68.120979
965.000000 113.993217 299.199249
966.000000 149.189056 66.437981
966.000000 115.329002 299.990997
967.000000 150.432739 64.791245
967.000000 116.975052 300.889496
968.000000 151.845428 62.849068
968.000000 118.359573 301.779266
969.000000 153.116501 61.020523
969.000000 120.003906 302.665833
970.000000 154.340607 59.194477
970.000000 121.490623 303.555878
971.000000 155.693161 57.273521
971.000000 123.061920 304.493835
972.000000 157.058258 55.202255
972.000000 124.592941 305.311493
973.000000 158.233719 53.303650
973.000000 126.203842 306.326996
974.000000 159.456757 51.393826
974.000000 127.732285 307.196686
975.000000 160.791138 49.207844
975.000000 129.313660 308.101746
976.000000 162.052750 47.025448
976.000000 131.029236 309.099640
977.000000 163.155624 45.000523
977.000000 132.497849 309.974670
978.000000 164.256805 42.899139
978.000000 134.163651 310.907867
979.000000 165.349533 40.729717
979.000000 135.876297 311.803986
980.000000 166.420853 38.507721
980.000000 137.487701 312.682739
981.000000 167.459625 36.245663
981.000000 139.125977 313.558594
982.000000 168.453857 33.968067
982.000000 140.765915 314.179962
983.000000 169.397247 31.699295
983.000000 142.405273 315.299072
984.000000 170.314941 29.387974
984.000000 144.111526 316.002563
985.000000 171.216492 27.013382
985.000000 145.817688 316.795319
986.000000 172.099716 24.537029
986.000000 147.469635 317.540222
987.000000 172.979218 22.127007
987.000000 149.179855 318.257874
988.000000 173.635925 19.985291
988.000000 150.916656 318.941498
989.000000 174.331665 17.745230
989.000000 152.541779 319.581207
990.000000 175.092438 15.294027
990.000000 154.277222 320.192078
991.000000 175.737946 13.388793
991.000000 155.999451 320.762115
992.000000 176.394501 11.518354
992.000000 157.675858 321.283722
993.000000 177.278839 9.182315
993.000000 159.411606 321.771057
994.000000 178.357101 6.015028
994.000000 161.159348 322.210999
995.000000 162.841843 322.601379
996.000000 164.624542 322.948151
997.000000 166.328537 323.241241
998.000000 168.048203 323.488037
999.000000 169.764984 323.680359
1000.000000 171.519531 323.816803
1001.000000 173.294006 323.896393
1002.000000 175.061493 323.919739
1003.000000 176.724335 323.898865
1004.000000 178.363525 323.828461
1005.000000 180.044662 323.696167
1006.000000 181.657379 323.515839
1007.000000 183.384430 323.247284
1008.000000 185.126816 322.914520
1009.000000 186.616684 322.602112
1010.000000 188.368179 322.146362
1011.000000 189.895432 321.692871
1012.000000 191.600342 321.111511
1013.000000 193.061966 320.573883
1014.000000 194.681992 319.869354
1015.000000 196.278168 319.165802
1016.000000 197.669022 318.478149
1017.000000 199.171875 317.671387
1018.000000 200.687515 316.761322
1019.000000 202.181931 315.839600
1020.000000 203.638565 314.832428
1021.000000 205.049347 313.837372
1022.000000 206.431503 312.732727
1023.000000 207.774826 311.646545
1024.000000 209.128738 310.494843
1025.000000 210.551666 309.146271
1026.000000 211.802017 307.884521
1027.000000 212.982239 306.676331
1028.000000 214.279068 305.234650
1029.000000 215.471451 303.778534
1030.000000 216.673691 302.303375
1031.000000 217.772781 300.840820
1032.000000 218.887192 299.286194
1033.000000 219.931290 297.764343
1034.000000 221.059906 295.992645
1035.000000 221.966766 294.520996
1036.000000 222.962921 292.781067
1037.000000 223.950165 290.948059
1038.000000 224.860245 289.184784
1039.000000 225.717941 287.433380
1040.000000 226.553757 285.627563
1041.000000 227.370056 283.756287
1042.000000 228.160431 281.829071
1043.000000 228.902939 279.909790
1044.000000 229.620728 278.012787
1045.000000 230.316635 276.037750
1046.000000 230.994080 273.963501
1047.000000 231.600555 272.109650
1048.000000 232.206375 270.069946
1049.000000 232.765366 268.069366
1050.000000 233.294769 266.044403
1051.000000 233.795059 263.990448
1052.000000 234.264343 261.941132
1053.000000 234.703644 259.909668
1054.000000 235.126007 257.753143
1055.000000 235.516846 255.749924
1056.000000 235.897186 253.517303
1057.000000 236.249786 251.448654
1058.000000 236.588562 249.347687
1059.000000 236.915710 247.018448
1060.000000 237.222046 244.898041
1061.000000 237.514847 242.798035
1062.000000 237.797272 240.541397
1063.000000 238.064224 238.371353
1064.000000 238.325668 236.101456
1065.000000 238.572052 233.920380
1066.000000 238.804871 231.638718
1067.000000 239.017654 229.449829
1068.000000 239.229126 227.145569
1069.000000 239.420959 224.983215
1070.000000 239.591522 222.816299
1071.000000 239.736206 220.599731
1072.000000 239.851059 218.347214
1073.000000 239.934052 216.073959
1074.000000 239.988770 213.495926
1075.000000 240.019104 211.328003
1076.000000 240.016556 209.520706
1077.000000 239.978912 207.382339
1078.000000 239.911987 205.461792
1079.000000 239.808823 203.499069
1080.000000 239.662125 201.542770
1081.000000 239.460632 199.554962
1082.000000 239.180573 197.458679
1083.000000 238.885132 195.529663
1084.000000 238.567993 193.743576
1085.000000 238.106155 191.782837
1086.000000 237.688675 189.989487
1087.000000 237.106094 188.031418
1088.000000 236.627747 186.423508
1089.000000 235.942886 184.423981
1090.000000 235.346024 182.231461
1091.000000 234.698044 181.101578
1092.000000 233.925476 179.257965
1093.000000 233.204987 177.711411
1094.000000 232.518234 176.135727
1095.000000 231.757034 174.584717
1096.000000 230.886612 172.941635
1097.000000 229.977173 171.308777
1098.000000 229.157883 169.937149
1099.000000 228.349869 168.661911
1100.000000 227.489182 167.272903
1101.000000 226.571274 165.994904
1102.000000 225.640152 164.300018
1103.000000 224.670883 163.563690
1104.000000 223.674118 162.402100
1105.000000 222.667587 161.370987
1106.000000 221.633850 160.359009
1107.000000 220.570312 159.586365
1108.000000 219.575287 158.862900
1109.000000 218.540100 158.081451
1110.000000 217.440018 157.482773
1111.000000 216.436523 156.991302
1112.000000 215.345322 156.547531
1113.000000 214.308685 156.231857
1114.000000 213.304245 156.049896
1115.000000 212.312042 155.899429
1116.000000 211.373016 155.877197
1117.000000 210.457489 155.916321
1118.000000 209.592331 156.122589
1119.000000 208.766769 156.346313
1120.000000 207.921722 156.696533
1121.000000 207.182343 157.171982
1122.000000 206.596481 157.514816
1123.000000 205.916367 158.153748
1124.000000 205.343262 158.819672
1125.000000 204.877029 159.431549
1126.000000 204.452560 160.215958
1127.000000 204.068878 161.091339
1128.000000 203.795044 161.903534
1129.000000 203.612030 162.751831
1130.000000 203.496490 163.673630
1131.000000 203.466599 164.650452
1132.000000 203.530090 165.652328
1133.000000 203.698547 166.708984
1134.000000 203.998520 167.849884
1135.000000 204.366531 168.095047
1136.000000 204.852814 170.016693
1137.000000 205.377655 171.038574
1138.000000 206.021057 172.112122
1139.000000 206.665359 173.057251
1140.000000 207.361252 174.069794
1141.000000 208.117615 175.098022
1142.000000 208.897324 176.097397
1143.000000 209.587860 177.055420
1144.000000 210.320679 178.133667
1145.000000 211.081757 179.796616
1146.000000 211.790451 180.255371
1147.000000 212.428406 181.485992
1148.000000 213.154297 182.850098
1149.000000 213.806900 184.035416
1150.000000 214.332733 185.390396
1151.000000 215.003326 186.944092
1152.000000 215.396179 188.310013
1153.000000 215.941269 189.962051
1154.000000 216.259705 191.482162
1155.000000 216.613083 193.160065
1156.000000 216.953064 194.960526
1157.000000 217.126266 196.409973
1158.000000 217.265884 198.401398
1159.000000 154.491638 35.189178
1159.000000 138.222275 56.649628
1159.000000 217.375824 200.190933
1160.000000 157.247589 29.292631
1160.000000 133.632248 60.780552
1160.000000 217.450821 201.973495
1161.000000 158.998550 24.532463
1161.000000 129.911713 63.679459
1161.000000 217.478424 203.723862
1162.000000 160.179031 20.621891
1162.000000 126.751793 65.866371
1162.000000 217.497940 205.474182
1163.000000 161.052811 16.929342
1163.000000 123.866600 67.633804
1163.000000 217.518616 207.214828
1164.000000 161.613724 14.052886
1164.000000 121.218224 69.034813
1164.000000 217.540222 208.922363
1165.000000 161.910294 11.549118
1165.000000 118.783234 70.184586
1165.000000 217.547836 210.584763
1166.000000 161.959473 9.929973
1166.000000 116.617317 71.045311
1166.000000 217.579269 212.267807
1167.000000 161.812927 7.828959
1167.000000 114.477112 71.788696
1167.000000 217.629730 213.939987
1168.000000 112.533592 72.329140
1168.000000 217.667892 215.556259
1169.000000 110.660446 72.726608
1169.000000 217.743439 217.210068
1170.000000 108.822357 72.986526
1170.000000 217.837524 218.845505
1171.000000 107.111473 73.114037
1171.000000 217.939758 220.342606
1172.000000 105.555397 73.146805
1172.000000 218.060120 222.130676
1173.000000 103.948174 73.003105
1173.000000 218.161346 223.619583
1174.000000 102.574814 72.907356
1174.000000 218.300079 225.216263
1175.000000 101.250259 72.680412
1175.000000 218.456848 226.822327
1176.000000 99.885139 72.042770
1176.000000 218.623932 228.461334
1177.000000 98.642868 71.874123
1177.000000 218.824936 230.186890
1178.000000 97.519592 71.483208
1178.000000 219.025208 231.982178
1179.000000 96.326363 70.851341
1179.000000 219.152145 233.560684
1180.000000 95.285095 70.305908
1180.000000 219.303314 235.270981
1181.000000 94.335335 69.639099
1181.000000 219.466690 237.043991
1182.000000 93.319115 68.867035
1182.000000 219.617935 238.843216
1183.000000 92.431946 68.166298
1183.000000 219.766693 240.689438
1184.000000 91.708237 67.520416
1184.000000 219.913269 242.594833
1185.000000 90.954094 66.636086
1185.000000 220.032623 244.615570
1186.000000 90.260231 65.649666
1186.000000 220.116608 246.371140
1187.000000 89.620239 64.232384
1187.000000 220.193405 248.277954
1188.000000 89.051224 63.830975
1188.000000 220.257568 250.230240
1189.000000 88.549789 62.128643
1189.000000 220.305862 252.215225
1190.000000 88.114395 61.865051
1190.000000 220.336365 254.239258
1191.000000 87.739082 60.936234
1191.000000 220.346725 256.290588
1192.000000 87.429176 59.068962
1192.000000 220.335922 258.373444
1193.000000 87.184692 58.117706
1193.000000 220.304550 260.487732
1194.000000 87.003540 57.939999
1194.000000 220.254150 262.624847
1195.000000 86.871559 56.953129
1195.000000 220.188126 264.805389
1196.000000 86.801178 55.957405
1196.000000 220.105698 267.039215
1197.000000 86.795013 54.970524
1197.000000 220.004120 269.885101
1198.000000 86.853531 53.982529
1198.000000 219.866104 271.370605
1199.000000 86.979744 52.999977
1199.000000 219.715851 273.490265
1200.000000 87.133926 52.057423
1200.000000 219.555450 275.643677
1201.000000 87.341095 51.222164
1201.000000 219.388290 277.837158
1202.000000 87.620003 50.340519
1202.000000 219.213333 280.090759
1203.000000 88.005943 49.408405
1203.000000 219.034149 282.602081
1204.000000 88.350143 48.665272
1204.000000 218.828751 284.505737
1205.000000 88.888664 47.844196
1205.000000 218.615280 286.620728
1206.000000 89.434921 47.027634
1206.000000 218.389725 288.839020
1207.000000 90.035294 46.333595
1207.000000 218.128235 291.264771
1208.000000 90.622627 45.830933
1208.000000 217.802231 293.651917
1209.000000 91.345604 45.181484
1209.000000 217.396927 296.064911
1210.000000 92.105766 44.747372
1210.000000 216.875076 298.702972
1211.000000 93.014809 44.330391
1211.000000 216.227737 301.461792
1212.000000 93.863914 44.064350
1212.000000 215.431259 304.269257
1213.000000 94.695564 43.897682
1213.000000 214.419144 307.314484
1214.000000 95.607079 43.801380
1214.000000 213.117096 310.691223
1215.000000 96.565758 43.810257
1215.000000 211.546936 313.998444
1216.000000 97.582207 43.922016
1216.000000 209.610367 317.580933
1217.000000 98.707680 44.065975
1217.000000 207.622589 320.843567
1218.000000 99.978798 44.511433
1218.000000 205.544235 324.082062
1219.000000 101.202812 44.954945
1219.000000 203.556519 327.042023
1220.000000 102.500671 45.480816
1220.000000 201.773285 329.677521
1221.000000 103.942276 46.118011
1221.000000 200.174606 332.208221
1222.000000 105.169060 46.603531
1222.000000 198.815002 334.404968
1223.000000 106.436951 47.120930
1223.000000 197.667755 336.558960
1224.000000 107.793472 47.467911
1224.000000 196.776321 338.438538
1225.000000 109.173492 47.749851
1225.000000 196.093964 340.262695
1226.000000 110.573204 47.885075
1226.000000 195.579178 341.849548
1227.000000 112.111282 47.887947
1227.000000 195.242844 343.382751
1228.000000 113.610283 47.681541
1228.000000 195.062592 344.896118
1229.000000 115.241951 47.310181
1229.000000 195.016983 346.537323
1230.000000 116.933754 46.780888
1230.000000 195.080276 347.438110
1231.000000 118.547310 46.023323
1231.000000 195.241516 348.567413
1232.000000 120.258194 45.087479
1232.000000 195.524261 349.695618
1233.000000 122.052277 44.012241
1233.000000 195.975433 350.848755
1234.000000 123.663857 42.841831
1234.000000 196.338959 351.410126
1235.000000 125.316971 41.362457
1235.000000 196.988876 352.706909
1236.000000 127.034676 39.879414
1236.000000 197.456909 353.357147
1237.000000 128.499756 38.293663
1237.000000 198.156708 354.765533
1238.000000 130.089630 36.565842
1238.000000 199.004761 354.916382
1239.000000 131.466431 34.926449
1239.000000 199.615356 355.274689
1240.000000 133.029800 32.870056
1240.000000 200.400070 355.891846
1241.000000 134.272354 31.016127
1241.000000 201.205368 356.258392
1242.000000 135.585098 28.960438
1242.000000 202.046814 356.564545
1243.000000 136.957535 26.642748
1243.000000 202.797501 356.756287
1244.000000 138.088577 24.324081
1244.000000 203.551865 356.880219
1245.000000 139.164062 22.026945
1245.000000 204.383942 356.943024
1246.000000 140.173767 19.565298
1246.000000 205.272141 356.931030
1247.000000 141.130585 16.955248
1247.000000 206.192215 356.835815
1248.000000 142.014740 14.262580
1248.000000 207.144775 356.648285
1249.000000 142.697861 11.966223
1249.000000 208.112198 356.360504
1250.000000 143.460922 9.411401
1250.000000 209.067902 355.965942
1251.000000 144.439575 5.774834
1251.000000 209.990967 355.502563
1252.000000 210.879379 354.922882
1253.000000 211.631958 354.352203
1254.000000 212.419006 353.623932
1255.000000 213.228668 352.806854
1256.000000 214.029129 351.836182
1257.000000 214.700455 350.836792
1258.000000 215.322083 349.851562
1259.000000 215.936539 348.713745
1260.000000 216.466553 347.667358
1261.000000 217.013382 346.495575
1262.000000 217.513168 345.335266
1263.000000 218.029953 344.110199
1264.000000 218.515793 342.925385
1265.000000 218.998291 341.840515
1266.000000 219.498581 340.718414
1267.000000 220.023087 339.587708
1268.000000 220.580673 338.344116
1269.000000 221.164230 337.131439
1270.000000 221.747101 335.856079
1271.000000 222.352020 334.754883
1272.000000 222.962250 333.557129
1273.000000 223.625595 332.307922
1274.000000 224.300995 330.995148
1275.000000 224.935333 329.804962
1276.000000 225.608032 328.577820
1277.000000 226.276642 327.440765
1278.000000 226.970917 325.970062
1279.000000 227.617981 324.699097
1280.000000 228.283447 323.547577
1281.000000 228.938492 322.118713
1282.000000 229.580536 320.824738
1283.000000 230.199341 319.673981
1284.000000 230.823761 318.258453
1285.000000 231.424408 316.913269
1286.000000 231.969681 315.671234
1287.000000 232.546341 314.329742
1288.000000 233.083542 312.934357
1289.000000 233.596329 311.667175
1290.000000 234.061584 310.489716
1291.000000 234.546280 308.961731
1292.000000 234.961975 307.656189
1293.000000 235.391342 306.368469
1294.000000 235.770447 304.968933
1295.000000 236.121506 303.739288
1296.000000 236.453247 302.421234
1297.000000 236.739761 301.055420
1298.000000 236.988663 299.735046
1299.000000 237.230301 298.513672
1300.000000 237.421326 297.230164
1301.000000 237.571548 295.928558
1302.000000 237.693970 294.697815
1303.000000 237.768661 293.470917
1304.000000 237.794525 292.233032
1305.000000 237.770493 290.993439
1306.000000 237.728622 289.840668
1307.000000 237.640152 288.714996
1308.000000 237.498444 287.605835
1309.000000 237.291260 286.489502
1310.000000 236.996368 285.326111
1311.000000 236.758865 284.364502
1312.000000 236.417938 283.367828
1313.000000 235.962433 282.252960
1314.000000 235.611908 281.456573
1315.000000 235.005249 280.372528
1316.000000 234.577057 279.533539
1317.000000 233.912506 278.400909
1318.000000 233.314880 277.566620
1319.000000 232.713455 276.366455
1320.000000 231.938461 275.135895
1321.000000 231.360382 274.108185
1322.000000 230.722488 272.934143
1322.000000 281.241913 278.581818
1322.000000 293.647644 286.601288
1323.000000 229.987976 271.606110
1323.000000 279.232788 275.946106
1323.000000 298.128632 288.068970
1324.000000 229.476273 270.565613
1324.000000 278.013458 273.827972
1324.000000 301.549927 289.006348
1325.000000 228.800873 269.220093
1325.000000 277.138214 271.846497
1325.000000 304.637299 289.775970
1326.000000 228.060516 267.936371
1326.000000 276.482574 270.133423
1326.000000 307.551270 290.422211
1327.000000 227.523636 266.833374
1327.000000 275.990143 268.516296
1327.000000 310.386505 290.980804
1328.000000 226.847687 265.515900
1328.000000 275.586823 266.802338
1328.000000 312.927185 291.478149
1329.000000 226.086182 264.299988
1329.000000 275.284607 265.231384
1329.000000 315.532501 291.919952
1330.000000 225.487717 263.196594
1330.000000 275.055878 263.624451
1330.000000 317.853790 292.316223
1331.000000 224.748993 261.990662
1331.000000 274.882111 262.155579
1331.000000 320.112976 292.669861
1332.000000 223.942978 260.718964
1332.000000 274.729279 260.651093
1332.000000 322.334381 292.948547
1333.000000 223.168060 259.620941
1333.000000 274.633301 259.168152
1333.000000 324.385742 293.178223
1334.000000 274.550934 257.681152
1334.000000 222.444168 258.547455
1334.000000 326.295746 293.357880
1335.000000 274.504578 256.207458
1335.000000 221.617355 257.367126
1335.000000 328.126587 293.460419
1336.000000 274.468109 254.712357
1336.000000 220.743774 256.245544
1336.000000 329.850769 293.495148
1337.000000 274.453278 253.246536
1337.000000 219.828415 255.134918
1337.000000 331.482513 293.465454
1338.000000 274.448853 251.741776
1338.000000 218.878876 254.042496
1338.000000 333.065094 293.334351
1339.000000 274.455505 250.275055
1339.000000 217.903519 252.075256
1339.000000 334.521484 293.157074
1340.000000 274.472351 248.750488
1340.000000 216.907410 251.110809
1340.000000 335.860931 292.867676
1341.000000 274.487305 247.255630
1341.000000 215.891724 250.164154
1341.000000 337.107117 292.610199
1342.000000 274.503967 245.724182
1342.000000 214.858887 249.229385
1342.000000 338.304169 292.273102
1343.000000 274.524078 244.200378
1343.000000 213.799454 248.921021
1343.000000 339.397675 291.777710
1344.000000 274.530182 242.647232
1344.000000 212.710739 247.936966
1344.000000 340.440918 291.363770
1345.000000 274.552002 241.091980
1345.000000 211.585495 246.956299
1345.000000 341.401978 290.706970
1346.000000 274.536896 239.514252
1346.000000 210.401016 245.966888
1346.000000 342.383972 290.075684
1347.000000 274.538208 237.904236
1347.000000 209.084976 244.920242
1347.000000 343.176300 289.564728
1348.000000 274.500610 236.314438
1348.000000 207.903534 243.977005
1348.000000 344.001099 288.732117
1349.000000 274.458313 234.652786
1349.000000 206.744324 243.024353
1349.000000 344.755157 287.886047
1350.000000 274.413300 233.003296
1350.000000 205.474380 242.030106
1350.000000 345.416290 287.315155
1351.000000 274.315369 231.319931
1351.000000 204.010147 240.933060
1351.000000 346.039459 286.442169
1352.000000 274.215027 229.575043
1352.000000 202.824463 239.974289
1352.000000 346.578033 285.548065
1353.000000 274.103516 227.284225
1353.000000 201.533966 238.931549
1353.000000 347.099213 284.881958
1354.000000 273.964478 226.040390
1354.000000 200.022369 237.706100
1354.000000 347.554199 283.714905
1355.000000 273.728973 224.286011
1355.000000 198.737549 236.287827
1355.000000 347.946503 282.753021
1356.000000 273.478577 222.478439
1356.000000 197.295441 235.317291
1356.000000 348.272125 281.892822
1357.000000 273.211792 220.579819
1357.000000 195.918167 234.017990
1357.000000 348.534454 280.886536
1358.000000 272.917572 218.766632
1358.000000 194.557343 232.730515
1358.000000 348.723480 279.868805
1359.000000 272.562988 216.840302
1359.000000 192.998138 231.086487
1359.000000 348.836700 278.856476
1360.000000 272.196136 214.121887
1360.000000 191.710495 229.537079
1360.000000 348.875427 277.875732
1361.000000 271.777527 212.918152
1361.000000 190.258331 227.879135
1361.000000 348.834595 276.961731
1362.000000 271.301880 210.032135
1362.000000 188.847549 226.006302
1362.000000 348.716309 276.032166
1363.000000 270.750916 208.853638
1363.000000 187.484406 224.013870
1363.000000 348.530243 275.145660
1364.000000 270.108826 206.587585
1364.000000 185.946548 221.552078
1364.000000 348.258240 274.291138
1365.000000 269.296600 204.418793
1365.000000 184.727310 219.218277
1365.000000 347.890656 273.375580
1366.000000 268.354767 202.071442
1366.000000 183.446625 216.568893
1366.000000 347.452911 272.397827
1367.000000 267.137573 199.341553
1367.000000 182.141220 213.438354
1367.000000 346.862518 271.873627
1368.000000 265.641663 196.581863
1368.000000 181.013458 210.058731
1368.000000 346.210968 271.707550
1369.000000 263.951660 193.696609
1369.000000 180.125717 206.766464
1369.000000 345.623260 270.683868
1370.000000 262.205078 190.742706
1370.000000 179.414017 203.334961
1370.000000 344.845673 270.139496
1371.000000 260.500397 187.112976
1371.000000 178.763672 199.627670
1371.000000 344.202667 269.818512
1372.000000 258.892853 185.088638
1372.000000 178.233887 195.741409
1372.000000 343.549561 269.540924
1373.000000 257.480804 182.428223
1373.000000 177.874435 191.960800
1373.000000 342.899078 269.324432
1374.000000 256.098297 179.615860
1374.000000 177.677109 188.389725
1374.000000 342.260376 269.170837
1375.000000 254.769196 176.698288
1375.000000 177.557373 184.709976
1375.000000 341.532379 269.040741
1376.000000 253.552094 173.832062
1376.000000 177.537430 181.112869
1376.000000 340.590393 268.957764
1377.000000 252.420746 171.005203
1377.000000 177.613358 177.608948
1377.000000 339.363586 268.937592
1378.000000 251.345734 168.208572
1378.000000 177.766129 174.124680
1378.000000 337.568451 269.065491
1379.000000 250.341675 165.525787
1379.000000 177.994705 170.481400
1379.000000 335.041138 269.476654
1380.000000 249.398239 162.973633
1380.000000 178.341232 167.497452
1380.000000 277.958923 194.650223
1380.000000 282.771790 200.122467
1380.000000 332.920227 269.953705
1381.000000 248.479126 160.479752
1381.000000 178.753036 164.297729
1381.000000 275.876617 191.351089
1381.000000 285.214417 202.015793
1381.000000 331.320618 270.310577
1382.000000 247.586792 158.058014
1382.000000 179.250778 161.084915
1382.000000 274.496185 188.868439
1382.000000 286.990997 203.191528
1382.000000 329.773865 270.620483
1383.000000 246.692474 155.669800
1383.000000 179.845093 157.984238
1383.000000 273.389771 186.662201
1383.000000 288.207642 203.954468
1383.000000 328.196899 270.894226
1384.000000 245.830536 153.506653
1384.000000 180.531693 155.035370
1384.000000 272.439148 184.632828
1384.000000 289.285645 204.647293
1384.000000 326.673462 271.073853
1385.000000 181.339478 151.966888
1385.000000 244.917114 151.086273
1385.000000 271.574066 182.662430
1385.000000 290.211853 205.358643
1385.000000 325.064911 271.199280
1386.000000 182.262802 148.976273
1386.000000 244.029541 148.876236
1386.000000 270.791565 180.749359
1386.000000 291.024292 206.082748
1386.000000 323.485382 271.228027
1387.000000 183.305130 146.126648
1387.000000 243.113251 146.698288
1387.000000 270.080322 178.913177
1387.000000 291.553741 206.390106
1387.000000 321.752502 271.196960
1388.000000 184.506378 143.223602
1388.000000 242.152985 144.502380
1388.000000 269.412811 177.060440
1388.000000 292.085266 207.242874
1388.000000 319.945526 271.038971
1389.000000 185.862000 140.303360
1389.000000 241.132904 142.300354
1389.000000 268.832062 175.301254
1389.000000 292.509949 207.873001
1389.000000 318.117249 270.842316
1390.000000 187.438187 137.550125
1390.000000 240.053375 140.165634
1390.000000 268.273438 173.607391
1390.000000 292.880676 208.519547
1390.000000 316.235077 270.478271
1391.000000 189.216461 134.791321
1391.000000 238.906799 138.077896
1391.000000 267.732971 171.887466
1391.000000 293.253052 209.296844
1391.000000 314.196716 269.998779
1392.000000 191.136810 132.324478
1392.000000 237.647507 135.087280
1392.000000 267.235962 170.240967
1392.000000 293.610626 210.251999
1392.000000 312.118835 269.319214
1393.000000 193.533997 129.592697
1393.000000 236.268143 133.756104
1393.000000 266.754303 168.627609
1393.000000 293.950043 211.491547
1393.000000 309.962433 268.094940
1394.000000 196.383087 127.136337
1394.000000 234.566956 131.512558
1394.000000 266.255402 166.196381
1394.000000 294.254913 213.322845
1394.000000 307.774048 267.298157
1395.000000 199.799133 124.790565
1395.000000 232.605469 129.284546
1395.000000 265.802887 165.435257
1395.000000 294.390869 215.411346
1395.000000 305.533722 265.938507
1396.000000 204.253845 122.734390
1396.000000 229.898361 126.085411
1396.000000 265.325714 163.867661
1396.000000 294.393982 217.227570
1396.000000 303.103699 264.011047
1397.000000 212.117188 121.072395
1397.000000 225.167740 123.722305
1397.000000 264.859375 162.308090
1397.000000 294.342072 218.872452
1397.000000 300.846893 261.610962
1398.000000 264.379150 160.832581
1398.000000 294.282593 220.313950
1398.000000 298.734589 258.770172
1399.000000 263.899414 159.311707
1399.000000 294.197266 221.710693
1399.000000 296.783264 255.092499
1400.000000 263.410583 157.864990
1400.000000 294.132172 222.289246
1400.000000 295.181976 250.892944
1401.000000 262.932495 156.402924
1401.000000 294.281158 221.522293
1401.000000 294.029663 246.340912
1402.000000 262.422638 154.958832
1402.000000 294.313354 221.389389
1402.000000 293.411316 242.536545
1403.000000 261.961273 153.584747
1403.000000 292.400635 227.189911
1403.000000 292.800812 239.328384
1404.000000 261.464600 152.214935
1405.000000 260.966614 150.813980
1406.000000 260.507446 149.571793
1407.000000 259.963745 148.167603
1408.000000 259.476471 146.894058
1409.000000 258.967834 145.585327
1410.000000 258.460876 144.350510
1411.000000 257.868378 142.982986
1412.000000 257.377106 141.276489
1413.000000 256.827332 140.452438
1414.000000 256.234802 139.212219
1415.000000 255.650833 137.921097
1416.000000 255.050858 136.713394
1417.000000 254.497803 135.443939
1418.000000 253.819229 134.068893
1419.000000 253.199280 132.919479
1420.000000 252.597641 131.650070
1421.000000 251.880753 130.282761
1422.000000 251.155945 129.063766
1423.000000 250.498810 127.298607
1424.000000 249.773773 126.699928
1425.000000 248.937500 125.390633
1426.000000 248.145386 124.321144
1427.000000 247.347992 123.123276
1428.000000 246.472763 121.999191
1429.000000 245.593674 120.402817
1430.000000 244.664673 119.358017
1431.000000 243.693771 118.365425
1432.000000 242.676437 117.411789
1433.000000 241.622345 116.896400
1434.000000 240.529129 115.940392
1435.000000 239.384125 115.013512
1436.000000 238.128265 114.138725
1437.000000 236.944717 113.324043
1438.000000 235.769943 112.358505
1439.000000 234.580551 111.965416
1440.000000 233.197525 111.273270
1441.000000 231.889191 110.683685
1442.000000 230.645828 110.135529
1443.000000 229.232986 109.682426
1444.000000 227.866470 109.124641
1445.000000 226.534958 108.946266
1446.000000 225.052490 108.605225
1447.000000 223.685699 108.365524
1448.000000 222.233276 108.192513
1449.000000 220.799423 108.081566
1450.000000 219.344162 108.034157
1451.000000 217.881592 108.085686
1452.000000 216.475143 108.095688
1453.000000 215.004059 108.223373
1454.000000 213.656662 108.380692
1455.000000 212.172485 108.644409
1456.000000 210.641235 109.010223
1457.000000 209.315491 109.304428
1458.000000 207.845459 109.739143
1459.000000 206.479630 110.215782
1460.000000 204.956680 110.812149
1461.000000 203.700668 111.337021
1462.000000 202.199646 112.104149
1463.000000 200.853119 112.760017
1464.000000 199.634293 113.460602
1465.000000 198.286240 114.339821
1466.000000 196.949615 115.204918
1467.000000 195.679459 116.200783
1468.000000 194.426865 117.175804
1469.000000 193.223755 118.181664
1470.000000 192.069260 119.204643
1471.000000 190.957703 120.249580
1472.000000 189.869339 121.365028
1473.000000 188.782211 122.587929
1474.000000 187.665268 124.003441
1475.000000 186.729614 125.206238
1476.000000 185.831406 126.363747
1477.000000 184.883133 127.806816
1478.000000 184.039139 129.170975
1479.000000 183.212601 130.632034
1480.000000 182.401016 132.072174
1481.000000 181.667938 133.477066
1482.000000 180.942215 135.047791
1483.000000 180.296631 136.487335
1484.000000 179.665100 138.051620
1485.000000 179.109100 139.622803
1486.000000 178.547867 141.153793
1487.000000 178.049362 142.840469
1488.000000 177.585495 144.348114
1489.000000 177.159454 146.066132
1490.000000 176.781433 147.642303
1491.000000 176.433090 149.293533
1492.000000 176.130859 151.089172
1493.000000 175.869080 152.699310
1494.000000 175.639526 154.372528
1495.000000 175.452728 156.103119
1496.000000 175.309036 157.829773
1497.000000 175.206848 159.571091
1498.000000 175.148697 161.341080
1499.000000 175.132477 163.124115
1500.000000 175.152069 164.855591
1501.000000 175.205444 166.553696
1502.000000 175.303589 168.284149
1503.000000 175.453339 170.057968
1504.000000 175.649963 171.841843
1505.000000 175.914841 173.703690
1506.000000 176.159897 175.361435
1507.000000 176.464066 177.068802
1508.000000 176.886444 178.990616
1509.000000 177.236145 180.604462
1510.000000 177.690018 182.369812
1511.000000 178.190002 184.177200
1512.000000 178.746399 186.008575
1513.000000 179.274551 187.700897
1514.000000 180.002365 189.725555
1515.000000 180.538895 191.300461
1516.000000 181.239929 193.132309
1517.000000 182.051941 195.098328
1518.000000 182.794052 196.876816
1519.000000 183.532684 198.587769
1520.000000 184.362106 200.395477
1521.000000 185.260910 202.260742
1522.000000 186.201447 204.132187
1523.000000 187.176300 205.998077
1524.000000 188.167191 207.848328
1525.000000 189.184387 209.665115
1526.000000 190.224564 211.628387
1527.000000 191.296844 213.146164
1528.000000 192.413910 214.924881
1529.000000 193.606033 216.690521
1530.000000 194.922073 218.554825
1531.000000 196.092392 220.236252
1532.000000 197.237106 221.785385
1533.000000 198.516174 223.348114
1534.000000 199.958099 225.111511
1535.000000 201.165588 226.587097
1536.000000 202.428864 227.987228
1537.000000 203.991287 229.612823
1538.000000 205.221329 230.912109
1539.000000 206.648819 232.253250
1540.000000 208.117355 233.643143
1541.000000 209.487991 234.843414
1542.000000 211.099533 236.122101
1543.000000 212.419342 237.142471
1544.000000 214.036972 238.329575
1545.000000 215.455566 239.368362
1546.000000 217.057922 240.305359
1547.000000 218.452591 241.120529
1548.000000 220.081635 242.011292
1549.000000 221.588196 242.768921
1550.000000 223.102432 243.457458
1551.000000 224.529953 244.026169
1552.000000 226.063248 244.573837
1553.000000 227.474457 244.987717
1554.000000 228.876862 245.320084
1555.000000 230.135391 245.538391
1556.000000 231.326065 245.657745
1557.000000 232.471634 245.687912
1558.000000 233.556244 245.633286
1559.000000 234.608841 245.494247
1560.000000 235.665298 245.259308
1561.000000 236.724319 244.920868
1562.000000 237.687775 244.547211
1563.000000 238.823151 243.967407
1564.000000 239.893295 243.322083
1565.000000 240.898209 242.593735
1566.000000 241.931671 241.725143
1567.000000 242.932983 240.755096
1568.000000 243.863892 239.727524
1569.000000 244.721954 238.662582
1570.000000 245.546066 237.571991
1571.000000 246.285110 236.516068
1572.000000 247.011719 235.291443
1573.000000 247.720535 233.993607
1574.000000 248.304901 232.858810
1575.000000 248.843338 231.659821
1576.000000 249.383682 230.456787
1577.000000 249.893661 229.109543
1578.000000 250.334076 227.877213
1579.000000 250.725021 226.643585
1580.000000 251.075562 225.463730
1581.000000 251.406128 224.011429
1582.000000 251.672302 222.763000
1583.000000 251.895233 221.426331
1584.000000 252.071899 220.123718
1585.000000 252.208099 218.826752
1586.000000 252.295822 217.583893
1587.000000 252.330933 216.285019
1588.000000 252.310547 214.953201
1589.000000 252.252106 213.719452
1590.000000 252.130066 212.437668
1591.000000 251.950150 211.078888
1592.000000 251.759247 209.966629
1593.000000 251.517349 208.817932
1594.000000 251.179062 207.477493
1595.000000 250.844391 206.411484
1596.000000 250.443283 205.348618
1597.000000 249.923141 204.107437
1598.000000 249.460129 203.124588
1599.000000 248.875748 202.032837
1600.000000 248.273499 201.035019
1601.000000 247.708374 200.139755
1602.000000 246.931152 199.128021
1603.000000 246.287720 198.414230
1604.000000 245.634583 197.398026
1605.000000 244.819077 196.324066
1606.000000 243.952347 196.173538
1607.000000 243.219589 195.693176
1608.000000 242.496475 195.272003
1609.000000 241.720306 194.882355
1610.000000 240.894012 194.567688
1611.000000 240.109482 194.370438
1612.000000 239.464630 194.277710
1613.000000 238.766525 194.243820
1614.000000 238.053055 194.287384
1615.000000 237.538956 194.386093
1616.000000 236.905014 194.556641
1617.000000 236.290054 194.819412
1618.000000 235.638184 195.188141
1619.000000 234.867081 195.716187
1620.000000 234.025269 196.518219
1621.000000 233.139908 197.687134
1622.000000 232.297729 199.206406
1623.000000 231.618546 200.892944
1624.000000 231.159134 202.457077
1625.000000 230.766983 204.044373
1626.000000 230.443771 205.389572
1627.000000 230.080353 206.913483
1628.000000 229.658325 208.168304
1629.000000 229.103470 209.608490
1630.000000 228.326752 210.707443
1631.000000 227.191315 211.964554
1632.000000 225.503036 212.739365
1633.000000 222.577606 213.192749
1634.000000 216.056091 210.350876
1635.000000 208.764053 203.115509
1636.000000 204.502869 197.771622
1637.000000 200.999771 193.051208
1638.000000 198.204361 189.079727
1639.000000 195.573990 185.206635
1640.000000 192.906998 181.272995
1641.000000 190.515030 177.601608
1642.000000 187.955093 173.489288
1643.000000 185.603714 169.298218
1644.000000 182.887680 163.309952
1645.000000 180.709473 156.297165
1646.000000 179.226044 145.664474
1647.000000 182.272522 126.313599
1648.000000 198.758606 100.603500
1649.000000 204.872635 93.805580
1650.000000 208.875854 89.198952
1651.000000 211.602005 85.851166
1652.000000 213.806778 82.857620
1653.000000 215.614822 80.141022
1654.000000 217.056488 77.723160
1655.000000 218.305206 75.396309
1656.000000 219.383728 73.060143
1657.000000 220.308609 70.834457
1658.000000 221.093521 68.791580
1659.000000 221.798477 66.595032
1660.000000 222.418503 64.606689
1661.000000 222.956223 62.476265
1662.000000 223.473328 60.576115
1663.000000 223.914383 58.409344
1664.000000 224.350235 56.605865
1665.000000 224.753616 54.624981
1666.000000 225.139999 52.632721
1667.000000 225.542587 50.739407
1668.000000 225.918259 48.569611
1669.000000 226.329407 46.837605
1670.000000 226.735107 44.893089
1671.000000 227.148895 42.895336
1672.000000 227.585037 41.017830
1673.000000 228.027039 38.942501
1674.000000 228.510590 37.072021
1675.000000 229.008499 34.971992
1676.000000 229.568680 33.020325
1677.000000 230.151443 30.916290
1678.000000 230.749435 28.960936
1679.000000 231.353607 26.999407
1680.000000 231.924255 25.055208
1681.000000 232.460480 23.297382
1682.000000 232.905991 21.376751
1683.000000 233.285904 19.871969
1684.000000 233.569122 18.362764
1685.000000 233.741013 16.851366
1686.000000 233.817795 15.480162
1687.000000 233.789551 14.190155
1688.000000 233.662796 13.021935
1689.000000 233.460022 12.109694
1690.000000 233.245834 11.534219
1691.000000 233.079773 11.339383
1692.000000 232.951111 11.143792
1693.000000 232.571182 10.791012
1694.000000 231.532364 9.932880
1695.000000 229.631912 8.723976
1696.000000 227.910995 7.207671
1697.000000 226.619186 6.479390
1698.000000 225.246078 5.676774
1699.000000 223.925873 2.882444
